2024-01-27 11:18:00 INFO  c.o.InventoryManagementApplication:51 - Starting InventoryManagementApplication using Java 17.0.5 with PID 18132 (C:\Users\Lenovo\Desktop\Karnataka bank\Inventory_management\target\classes started by Lenovo in C:\Users\Lenovo\Desktop\Karnataka bank\Inventory_management)
     2024-01-27 11:18:00 INFO  c.o.InventoryManagementApplication:632 - No active profile set, falling back to 1 default profile: "default"
     2024-01-27 11:18:00 INFO  o.s.b.d.e.DevToolsPropertyDefaultsPostProcessor:250 - Devtools property defaults active! Set 'spring.devtools.add-properties' to 'false' to disable
     2024-01-27 11:18:00 INFO  o.s.b.d.e.DevToolsPropertyDefaultsPostProcessor:250 - For additional web related logging consider setting the 'logging.level.web' property to 'DEBUG'
     2024-01-27 11:18:01 INFO  o.s.d.r.c.RepositoryConfigurationDelegate:138 - Bootstrapping Spring Data JPA repositories in DEFAULT mode.
     2024-01-27 11:18:01 INFO  o.s.d.r.c.RepositoryConfigurationDelegate:208 - Finished Spring Data repository scanning in 80 ms. Found 2 JPA repository interfaces.
     2024-01-27 11:18:02 INFO  o.s.b.w.e.t.TomcatWebServer:108 - Tomcat initialized with port(s): 8080 (http)
     2024-01-27 11:18:02 INFO  o.a.c.c.StandardService:173 - Starting service [Tomcat]
     2024-01-27 11:18:02 INFO  o.a.c.c.StandardEngine:173 - Starting Servlet engine: [Apache Tomcat/10.1.7]
     2024-01-27 11:18:02 INFO  o.a.c.c.C.[.[.[/]:173 - Initializing Spring embedded WebApplicationContext
     2024-01-27 11:18:02 INFO  o.s.b.w.s.c.ServletWebServerApplicationContext:291 - Root WebApplicationContext: initialization completed in 1889 ms
     2024-01-27 11:18:02 INFO  o.h.j.i.u.LogHelper:31 - HHH000204: Processing PersistenceUnitInfo [name: default]
     2024-01-27 11:18:02 INFO  o.h.Version:44 - HHH000412: Hibernate ORM core version 6.1.7.Final
     2024-01-27 11:18:03 INFO  SQL dialect:66 - HHH000400: Using dialect: org.hibernate.dialect.MySQLDialect
     2024-01-27 11:18:04 INFO  o.h.e.t.j.p.i.JtaPlatformInitiator:51 - HHH000490: Using JtaPlatform implementation: [org.hibernate.engine.transaction.jta.platform.internal.NoJtaPlatform]
     2024-01-27 11:18:04 INFO  o.s.o.j.LocalContainerEntityManagerFactoryBean:437 - Initialized JPA EntityManagerFactory for persistence unit 'default'
     2024-01-27 11:18:04 WARN  o.s.c.LocalVariableTableParameterNameDiscoverer:123 - Using deprecated '-debug' fallback for parameter name resolution. Compile the affected code with '-parameters' instead or avoid its introspection: com.order.repository.Item_repository
     2024-01-27 11:18:04 WARN  o.s.b.a.o.j.JpaBaseConfiguration$JpaWebConfiguration:231 - spring.jpa.open-in-view is enabled by default. Therefore, database queries may be performed during view rendering. Explicitly configure spring.jpa.open-in-view to disable this warning
     2024-01-27 11:18:05 INFO  o.s.b.d.a.OptionalLiveReloadServer:59 - LiveReload server is running on port 35729
     2024-01-27 11:18:05 INFO  o.s.b.w.e.t.TomcatWebServer:220 - Tomcat started on port(s): 8080 (http) with context path ''
     2024-01-27 11:18:05 INFO  c.o.InventoryManagementApplication:57 - Started InventoryManagementApplication in 5.693 seconds (process running for 6.318)
     2024-01-27 11:18:11 INFO  o.a.c.c.C.[.[.[/]:173 - Initializing Spring DispatcherServlet 'dispatcherServlet'
     2024-01-27 11:18:11 INFO  o.s.w.s.DispatcherServlet:532 - Initializing Servlet 'dispatcherServlet'
     2024-01-27 11:18:11 INFO  o.s.w.s.DispatcherServlet:554 - Completed initialization in 1 ms
     2024-01-27 11:18:11 INFO  c.o.c.UserController:54 - inside login
     